emb-c-template
Build date: 2025-09-10 17:55:28

Building started...!
make[2]: Nothing to be done for `all'.

Building Basic Software...!
make[3]: Nothing to be done for `all'.
make[3]: Nothing to be done for `all'.
make[3]: Nothing to be done for `all'.
make[3]: Nothing to be done for `all'.
make[3]: Nothing to be done for `all'.

Building Application Software Modules...!
make[3]: Nothing to be done for `all'.

Building System initilization code...!
arm-none-eabi-gcc -c -mcpu=cortex-m4 -mthumb -std=gnu11 -g -Wall -Werror -Wpedantic -Wno-unused-variable -Wno-unused-function -Werror-implicit-function-declaration -Iinc -I../../inc/generic/ -I../../inc/autosar/  main/main.c -o ../../build/obj/main.o
arm-none-eabi-gcc -c -mcpu=cortex-m4 -mthumb -std=gnu11 -g -Wall -Werror -Wpedantic -Wno-unused-variable -Wno-unused-function -Werror-implicit-function-declaration -Iinc -I../../inc/generic/ -I../../inc/autosar/  startup/Stm32f429zi_Startup.c -o ../../build/obj/Stm32f429zi_Startup.o

Linking ...!
arm-none-eabi-gcc -mcpu=cortex-m4 -mthumb -I../inc/autosar -I../inc/generic -I../src/fw/inc/ -I../src/fw/inc/stm32f429zi  -nostdlib -T ../src/init/linker/Stm32f429zi_Ls.ld -Wl,-Map=bin/emb-c-template.map obj/*.o -o bin/emb-c-template
Linking done!!!

Generating binary ...! 
arm-none-eabi-objcopy -O binary bin/emb-c-template bin/emb-c-template.bin
Binary generated!!!

Analyzing .elf ...!
arm-none-eabi-objdump -h bin/emb-c-template

bin/emb-c-template:     file format elf32-littlearm

Sections:
Idx Name          Size      VMA       LMA       File off  Algn
  0 .text         00000254  08000000  08000000  00001000  2**2
                  CONTENTS, ALLOC, LOAD, READONLY, CODE
  1 .data         00000000  20000000  08000254  00002000  2**0
                  CONTENTS, ALLOC, LOAD, DATA
  2 .bss          00000004  20000000  08000254  00002000  2**2
                  ALLOC
  3 .debug_info   00000224  00000000  00000000  00002000  2**0
                  CONTENTS, READONLY, DEBUGGING, OCTETS
  4 .debug_abbrev 00000163  00000000  00000000  00002224  2**0
                  CONTENTS, READONLY, DEBUGGING, OCTETS
  5 .debug_aranges 00000040  00000000  00000000  00002387  2**0
                  CONTENTS, READONLY, DEBUGGING, OCTETS
  6 .debug_line   0000014b  00000000  00000000  000023c7  2**0
                  CONTENTS, READONLY, DEBUGGING, OCTETS
  7 .debug_str    000001c0  00000000  00000000  00002512  2**0
                  CONTENTS, READONLY, DEBUGGING, OCTETS
  8 .comment      00000045  00000000  00000000  000026d2  2**0
                  CONTENTS, READONLY
  9 .ARM.attributes 0000002e  00000000  00000000  00002717  2**0
                  CONTENTS, READONLY
 10 .debug_frame  00000098  00000000  00000000  00002748  2**2
                  CONTENTS, READONLY, DEBUGGING, OCTETS
Analysis done!!!

arm-none-eabi-size bin/emb-c-template
   text	   data	    bss	    dec	    hex	filename
    596	      0	      4	    600	    258	bin/emb-c-template

Building time: 00:00:00
